<?xml version="1.0" encoding="UTF-8"?>
<!-- Generated by org.testng.reporters.JUnitXMLReporter -->
<testsuite hostname="WL1619" ignored="0" name="Default test" tests="6" failures="0" timestamp="21 Jan 2020 18:31:48 GMT" time="153.191" errors="0">
  <testcase name="verifyMensPageLoad" time="3.658" classname="com.kg.qa.testcases.TaskTwo"/>
  <testcase name="verifyPDP_KKG_M_Loafers_Bazza" time="6.261" classname="com.kg.qa.testcases.TaskTwo"/>
  <testcase name="verifySize" time="6.862" classname="com.kg.qa.testcases.TaskTwo"/>
  <testcase name="verifyAddtobag" time="4.466" classname="com.kg.qa.testcases.TaskTwo"/>
  <testcase name="verifyBagitemNumber" time="7.765" classname="com.kg.qa.testcases.TaskTwo"/>
  <testcase name="verifyCheckoutPageLoad" time="17.63" classname="com.kg.qa.testcases.TaskTwo"/>
</testsuite> <!-- Default test -->
